24.12.18 18:38:01  LOAD MESSAGE FORPOST
24.12.18 18:38:01  LOAD MESSAGE FORPOST
24.12.18 18:38:01  LOAD MESSAGE FORPOST
24.12.18 18:38:01  LOAD MESSAGE FORPOST
24.12.18 18:38:01  LOAD MESSAGE FORPOST
24.12.18 18:38:01  LOAD MESSAGE FORPOST
24.12.18 18:38:01  LOAD MESSAGE FORPOST
24.12.18 18:38:01  LOAD MESSAGE FORPOST
24.12.18 18:38:01  LOAD MESSAGE FORPOST
24.12.18 18:38:01  LOAD MESSAGE FORPOST
24.12.18 18:38:01  LOAD MESSAGE FORPOST
24.12.18 18:38:01  LOAD MESSAGE FORPOST
24.12.18 18:38:01  LOAD MESSAGE FORPOST
24.12.18 18:38:01  LOAD MESSAGE FORPOST
24.12.18 18:38:01  LOAD MESSAGE FORPOST
24.12.18 18:38:01  LOAD MESSAGE FORPOST
24.12.18 18:38:01  LOAD MESSAGE FORPOST
24.12.18 18:38:01  LOAD MESSAGE FORPOST
24.12.18 18:38:01  LOAD MESSAGE FORPOST
24.12.18 18:38:01  LOAD MESSAGE FORPOST
24.12.18 18:38:01  LOAD MESSAGE FORPOST
24.12.18 18:38:01  LOAD MESSAGE FORPOST
24.12.18 18:38:01  LOAD MESSAGE FORPOST
24.12.18 18:38:01  LOAD MESSAGE FORPOST
24.12.18 18:38:01  LOAD MESSAGE FORPOST
24.12.18 18:38:01  LOAD MESSAGE FORPOST
24.12.18 18:38:01  LOAD MESSAGE FORPOST
24.12.18 18:38:01  LOAD MESSAGE FORPOST
24.12.18 18:38:01  LOAD MESSAGE FORPOST
24.12.18 18:38:01  LOAD MESSAGE FORPOST
24.12.18 18:38:01  LOAD MESSAGE FORPOST
24.12.18 18:38:01  LOAD MESSAGE FORPOST
24.12.18 18:38:01  LOAD MESSAGE FORPOST
24.12.18 18:38:01  LOAD MESSAGE FORPOST
24.12.18 18:38:01  LOAD MESSAGE FORPOST
24.12.18 18:38:01  LOAD MESSAGE FORPOST
24.12.18 18:38:01  LOAD MESSAGE FORPOST
24.12.18 18:38:01  LOAD MESSAGE FORPOST
24.12.18 18:38:01  LOAD MESSAGE FORPOST
24.12.18 18:38:01  LOAD MESSAGE FORPOST
24.12.18 18:38:01  LOAD MESSAGE FORPOST
24.12.18 18:38:01  LOAD MESSAGE FORPOST
24.12.18 18:38:01  LOAD MESSAGE FORPOST
24.12.18 18:38:01  LOAD MESSAGE FORPOST
24.12.18 18:38:01  LOAD MESSAGE FORPOST
24.12.18 18:38:01  LOAD MESSAGE FORPOST
24.12.18 18:38:01  LOAD MESSAGE FORPOST
24.12.18 18:38:01  LOAD MESSAGE FORPOST
24.12.18 18:38:01  LOAD MESSAGE FORPOST
24.12.18 18:38:01  LOAD MESSAGE FORPOST
24.12.18 18:38:01  LOAD MESSAGE FORPOST
24.12.18 18:38:01  LOAD MESSAGE FORPOST
24.12.18 18:38:01  LOAD MESSAGE FORPOST
24.12.18 18:38:01  LOAD MESSAGE FORPOST
24.12.18 18:38:01  LOAD MESSAGE FORPOST
24.12.18 18:38:01  LOAD MESSAGE FORPOST
24.12.18 18:38:01  LOAD MESSAGE FORPOST
24.12.18 18:38:01  LOAD MESSAGE FORPOST
24.12.18 18:38:01  LOAD MESSAGE FORPOST
24.12.18 18:38:01  LOAD MESSAGE FORPOST
24.12.18 18:38:01  LOAD MESSAGE FORPOST
24.12.18 18:38:01  LOAD MESSAGE FORPOST
24.12.18 18:38:01  LOAD MESSAGE FORPOST
24.12.18 18:38:01  LOAD MESSAGE FORPOST
24.12.18 18:38:01  LOAD MESSAGE FORPOST
24.12.18 18:38:01  LOAD MESSAGE FORPOST
24.12.18 18:38:01  LOAD MESSAGE FORPOST
24.12.18 18:38:01  LOAD MESSAGE FORPOST
24.12.18 18:38:01  LOAD MESSAGE FORPOST
24.12.18 18:38:01  LOAD MESSAGE FORPOST
24.12.18 18:38:01  LOAD MESSAGE FORPOST
24.12.18 18:38:01  LOAD MESSAGE FORPOST
24.12.18 18:38:01  LOAD MESSAGE FORPOST
24.12.18 18:38:01  LOAD MESSAGE FORPOST
24.12.18 18:38:01  LOAD MESSAGE FORPOST
24.12.18 18:38:01  LOAD MESSAGE FORPOST
24.12.18 18:38:01  LOAD MESSAGE FORPOST
24.12.18 18:38:01  LOAD MESSAGE FORPOST
24.12.18 18:38:01  LOAD MESSAGE FORPOST
24.12.18 18:38:01  LOAD MESSAGE FORPOST
24.12.18 18:38:01  LOAD MESSAGE FORPOST
24.12.18 18:38:01  LOAD MESSAGE FORPOST
24.12.18 18:38:01  LOAD MESSAGE FORPOST
24.12.18 18:38:01  LOAD MESSAGE FORPOST
24.12.18 18:38:01  LOAD MESSAGE FORPOST
24.12.18 18:38:01  LOAD MESSAGE FORPOST
24.12.18 18:38:01  LOAD MESSAGE FORPOST
24.12.18 18:38:01  LOAD MESSAGE FORPOST
24.12.18 18:38:01  LOAD MESSAGE FORPOST
24.12.18 18:38:01  LOAD MESSAGE FORPOST
24.12.18 18:38:01  LOAD MESSAGE FORPOST
24.12.18 18:38:01  LOAD MESSAGE FORPOST
24.12.18 18:38:01  LOAD MESSAGE FORPOST
24.12.18 18:38:01  LOAD MESSAGE FORPOST
24.12.18 18:38:01  LOAD MESSAGE FORPOST
24.12.18 18:38:01  LOAD MESSAGE FORPOST
24.12.18 18:38:01  LOAD MESSAGE FORGOTTEN
24.12.18 18:38:01  LOAD MESSAGE FORGOTTEN
24.12.18 18:38:01  LOAD MESSAGE FORGOTTEN
24.12.18 18:38:01  LOAD MESSAGE FORGOTTEN
24.12.18 18:38:01  LOAD MESSAGE UNCLE STEPA
24.12.18 18:38:01  LOAD MESSAGE UNCLE STEPA
24.12.18 18:38:01  LOAD MESSAGE UNCLE STEPA
24.12.18 18:38:01  LOAD MESSAGE UNCLE STEPA
24.12.18 18:38:01  LOAD MESSAGE UNCLE STEPA
24.12.18 18:38:01  LOAD MESSAGE UNCLE STEPA
24.12.18 18:38:01  LOAD MESSAGE UNCLE STEPA
24.12.18 18:38:01  LOAD MESSAGE UNCLE STEPA
24.12.18 18:38:01  LOAD MESSAGE UNCLE STEPA
24.12.18 18:38:01  LOAD MESSAGE UNCLE STEPA
24.12.18 18:38:01  LOAD MESSAGE UNCLE STEPA
24.12.18 18:38:01  LOAD MESSAGE UNCLE STEPA
24.12.18 18:38:01  LOAD MESSAGE UNCLE STEPA
24.12.18 18:38:01  LOAD MESSAGE UNCLE STEPA
24.12.18 18:38:01  LOAD MESSAGE UNCLE STEPA
24.12.18 18:38:01  LOAD MESSAGE UNCLE STEPA
24.12.18 18:38:01  LOAD MESSAGE UNCLE STEPA
24.12.18 18:38:01  LOAD MESSAGE UNCLE STEPA
24.12.18 18:38:01  LOAD MESSAGE UNCLE STEPA
24.12.18 18:38:01  LOAD MESSAGE UNCLE STEPA
24.12.18 18:38:01  LOAD MESSAGE UNCLE STEPA
24.12.18 18:38:01  LOAD MESSAGE UNCLE STEPA
24.12.18 18:38:01  LOAD MESSAGE UNCLE STEPA
24.12.18 18:38:01  LOAD MESSAGE UNCLE STEPA
24.12.18 18:38:01  LOAD MESSAGE UNCLE STEPA
24.12.18 18:38:01  LOAD MESSAGE UNCLE STEPA
24.12.18 18:38:01  LOAD MESSAGE UNCLE STEPA
24.12.18 18:38:01  LOAD MESSAGE UNCLE STEPA
24.12.18 18:38:01  LOAD MESSAGE UNCLE STEPA
24.12.18 18:38:01  LOAD MESSAGE UNCLE STEPA
24.12.18 18:38:01  LOAD MESSAGE UNCLE STEPA
24.12.18 18:38:01  LOAD MESSAGE UNCLE STEPA
24.12.18 18:38:01  LOAD MESSAGE UNCLE STEPA
24.12.18 18:38:01  LOAD MESSAGE UNCLE STEPA
24.12.18 18:38:01  LOAD MESSAGE UNCLE STEPA
24.12.18 18:38:01  LOAD MESSAGE UNCLE STEPA
24.12.18 18:38:01  LOAD MESSAGE UNCLE STEPA
24.12.18 18:38:01  LOAD MESSAGE UNCLE STEPA
24.12.18 18:38:01  LOAD MESSAGE UNCLE STEPA
24.12.18 18:38:01  LOAD MESSAGE UNCLE STEPA
24.12.18 18:38:01  LOAD MESSAGE UNCLE STEPA
24.12.18 18:38:01  LOAD MESSAGE UNCLE STEPA
24.12.18 18:38:01  LOAD MESSAGE UNCLE STEPA
24.12.18 18:38:01  LOAD MESSAGE UNCLE STEPA
24.12.18 18:38:01  LOAD MESSAGE UNCLE STEPA
24.12.18 18:38:01  LOAD MESSAGE UNCLE STEPA
24.12.18 18:38:01  LOAD MESSAGE UNCLE STEPA
24.12.18 18:38:01  LOAD MESSAGE UNCLE STEPA
24.12.18 18:38:01  LOAD MESSAGE UNCLE STEPA
24.12.18 18:38:01  LOAD MESSAGE UNCLE STEPA
24.12.18 18:38:01  LOAD MESSAGE UNCLE STEPA
24.12.18 18:38:01  LOAD MESSAGE UNCLE STEPA
24.12.18 18:38:01  LOAD MESSAGE UNCLE STEPA
24.12.18 18:38:01  LOAD MESSAGE UNCLE STEPA
24.12.18 18:38:01  LOAD MESSAGE UNCLE STEPA
24.12.18 18:38:01  LOAD MESSAGE UNCLE STEPA
24.12.18 18:38:01  LOAD MESSAGE UNCLE STEPA
24.12.18 18:38:01  LOAD MESSAGE UNCLE STEPA
24.12.18 18:38:01  LOAD MESSAGE UNCLE STEPA
24.12.18 18:38:01  LOAD MESSAGE UNCLE STEPA
24.12.18 18:38:01  LOAD MESSAGE UNCLE STEPA
24.12.18 18:38:01  LOAD MESSAGE UNCLE STEPA
24.12.18 18:38:01  LOAD MESSAGE UNCLE STEPA
24.12.18 18:38:01  LOAD MESSAGE UNCLE STEPA
24.12.18 18:38:01  LOAD MESSAGE UNCLE STEPA
24.12.18 18:38:01  LOAD MESSAGE UNCLE STEPA
24.12.18 18:38:01  LOAD MESSAGE UNCLE STEPA
24.12.18 18:38:01  LOAD MESSAGE UNCLE STEPA
24.12.18 18:38:01  LOAD MESSAGE UNCLE STEPA
24.12.18 18:38:01  LOAD MESSAGE UNCLE STEPA
24.12.18 18:38:01  LOAD MESSAGE UNCLE STEPA
24.12.18 18:38:01  LOAD MESSAGE UNCLE STEPA
24.12.18 18:38:01  LOAD MESSAGE UNCLE STEPA
24.12.18 18:38:01  LOAD MESSAGE UNCLE STEPA
24.12.18 18:38:01  LOAD MESSAGE UNCLE STEPA
24.12.18 18:38:01  LOAD MESSAGE UNCLE STEPA
24.12.18 18:38:01  LOAD MESSAGE UNCLE STEPA
24.12.18 18:38:01  LOAD MESSAGE UNCLE STEPA
24.12.18 18:38:01  LOAD MESSAGE UNCLE STEPA
24.12.18 18:38:01  LOAD MESSAGE UNCLE STEPA
24.12.18 18:38:01  LOAD MESSAGE UNCLE STEPA
24.12.18 18:38:01  LOAD MESSAGE UNCLE STEPA
24.12.18 18:38:01  LOAD MESSAGE UNCLE STEPA
24.12.18 18:38:01  LOAD MESSAGE UNCLE STEPA
24.12.18 18:38:01  TZBOT started
24.12.18 18:40:48  Дядя Стёпа  Client: Connecting
24.12.18 18:40:48  Дядя Стёпа  Client: Connected
24.12.18 18:40:50  Дядя Стёпа: SEND MESSAGE TO CHAT 1
24.12.18 18:40:51  Дядя Стёпа  Chat: Connecting
24.12.18 18:40:51  Дядя Стёпа  Chat: Connected
24.12.18 19:10:52  Дядя Стёпа: SEND MESSAGE TO CHAT 2
24.12.18 19:40:53  Дядя Стёпа: SEND MESSAGE TO CHAT 3
24.12.18 20:10:54  Дядя Стёпа: SEND MESSAGE TO CHAT 4
24.12.18 20:40:55  Дядя Стёпа: SEND MESSAGE TO CHAT 5
24.12.18 21:10:56  Дядя Стёпа: SEND MESSAGE TO CHAT 6
24.12.18 21:40:57  Дядя Стёпа: SEND MESSAGE TO CHAT 7
24.12.18 22:10:58  Дядя Стёпа: SEND MESSAGE TO CHAT 8
24.12.18 22:17:01  LOAD MESSAGE FORPOST
24.12.18 22:17:01  LOAD MESSAGE FORPOST
24.12.18 22:17:01  LOAD MESSAGE FORPOST
24.12.18 22:17:01  LOAD MESSAGE FORPOST
24.12.18 22:17:01  LOAD MESSAGE FORPOST
24.12.18 22:17:01  LOAD MESSAGE FORPOST
24.12.18 22:17:01  LOAD MESSAGE FORPOST
24.12.18 22:17:01  LOAD MESSAGE FORPOST
24.12.18 22:17:01  LOAD MESSAGE FORPOST
24.12.18 22:17:01  LOAD MESSAGE FORPOST
24.12.18 22:17:01  LOAD MESSAGE FORPOST
24.12.18 22:17:01  LOAD MESSAGE FORPOST
24.12.18 22:17:01  LOAD MESSAGE FORPOST
24.12.18 22:17:01  LOAD MESSAGE FORPOST
24.12.18 22:17:01  LOAD MESSAGE FORPOST
24.12.18 22:17:01  LOAD MESSAGE FORPOST
24.12.18 22:17:01  LOAD MESSAGE FORPOST
24.12.18 22:17:01  LOAD MESSAGE FORPOST
24.12.18 22:17:01  LOAD MESSAGE FORPOST
24.12.18 22:17:01  LOAD MESSAGE FORPOST
24.12.18 22:17:01  LOAD MESSAGE FORPOST
24.12.18 22:17:01  LOAD MESSAGE FORPOST
24.12.18 22:17:01  LOAD MESSAGE FORPOST
24.12.18 22:17:01  LOAD MESSAGE FORPOST
24.12.18 22:17:01  LOAD MESSAGE FORPOST
24.12.18 22:17:01  LOAD MESSAGE FORPOST
24.12.18 22:17:01  LOAD MESSAGE FORPOST
24.12.18 22:17:01  LOAD MESSAGE FORPOST
24.12.18 22:17:01  LOAD MESSAGE FORPOST
24.12.18 22:17:01  LOAD MESSAGE FORPOST
24.12.18 22:17:01  LOAD MESSAGE FORPOST
24.12.18 22:17:01  LOAD MESSAGE FORPOST
24.12.18 22:17:01  LOAD MESSAGE FORPOST
24.12.18 22:17:01  LOAD MESSAGE FORPOST
24.12.18 22:17:01  LOAD MESSAGE FORPOST
24.12.18 22:17:01  LOAD MESSAGE FORPOST
24.12.18 22:17:01  LOAD MESSAGE FORPOST
24.12.18 22:17:01  LOAD MESSAGE FORPOST
24.12.18 22:17:01  LOAD MESSAGE FORPOST
24.12.18 22:17:01  LOAD MESSAGE FORPOST
24.12.18 22:17:01  LOAD MESSAGE FORPOST
24.12.18 22:17:01  LOAD MESSAGE FORPOST
24.12.18 22:17:01  LOAD MESSAGE FORPOST
24.12.18 22:17:01  LOAD MESSAGE FORPOST
24.12.18 22:17:01  LOAD MESSAGE FORPOST
24.12.18 22:17:01  LOAD MESSAGE FORPOST
24.12.18 22:17:01  LOAD MESSAGE FORPOST
24.12.18 22:17:01  LOAD MESSAGE FORPOST
24.12.18 22:17:01  LOAD MESSAGE FORPOST
24.12.18 22:17:01  LOAD MESSAGE FORPOST
24.12.18 22:17:01  LOAD MESSAGE FORPOST
24.12.18 22:17:01  LOAD MESSAGE FORPOST
24.12.18 22:17:01  LOAD MESSAGE FORPOST
24.12.18 22:17:01  LOAD MESSAGE FORPOST
24.12.18 22:17:01  LOAD MESSAGE FORPOST
24.12.18 22:17:01  LOAD MESSAGE FORPOST
24.12.18 22:17:01  LOAD MESSAGE FORPOST
24.12.18 22:17:01  LOAD MESSAGE FORPOST
24.12.18 22:17:01  LOAD MESSAGE FORPOST
24.12.18 22:17:01  LOAD MESSAGE FORPOST
24.12.18 22:17:01  LOAD MESSAGE FORPOST
24.12.18 22:17:01  LOAD MESSAGE FORPOST
24.12.18 22:17:01  LOAD MESSAGE FORPOST
24.12.18 22:17:01  LOAD MESSAGE FORPOST
24.12.18 22:17:01  LOAD MESSAGE FORPOST
24.12.18 22:17:01  LOAD MESSAGE FORPOST
24.12.18 22:17:01  LOAD MESSAGE FORPOST
24.12.18 22:17:01  LOAD MESSAGE FORPOST
24.12.18 22:17:01  LOAD MESSAGE FORPOST
24.12.18 22:17:01  LOAD MESSAGE FORPOST
24.12.18 22:17:01  LOAD MESSAGE FORPOST
24.12.18 22:17:01  LOAD MESSAGE FORPOST
24.12.18 22:17:01  LOAD MESSAGE FORPOST
24.12.18 22:17:01  LOAD MESSAGE FORPOST
24.12.18 22:17:01  LOAD MESSAGE FORPOST
24.12.18 22:17:01  LOAD MESSAGE FORPOST
24.12.18 22:17:01  LOAD MESSAGE FORPOST
24.12.18 22:17:01  LOAD MESSAGE FORPOST
24.12.18 22:17:01  LOAD MESSAGE FORPOST
24.12.18 22:17:01  LOAD MESSAGE FORPOST
24.12.18 22:17:01  LOAD MESSAGE FORPOST
24.12.18 22:17:01  LOAD MESSAGE FORPOST
24.12.18 22:17:01  LOAD MESSAGE FORPOST
24.12.18 22:17:01  LOAD MESSAGE FORPOST
24.12.18 22:17:01  LOAD MESSAGE FORPOST
24.12.18 22:17:01  LOAD MESSAGE FORPOST
24.12.18 22:17:01  LOAD MESSAGE FORPOST
24.12.18 22:17:01  LOAD MESSAGE FORPOST
24.12.18 22:17:01  LOAD MESSAGE FORPOST
24.12.18 22:17:01  LOAD MESSAGE FORPOST
24.12.18 22:17:01  LOAD MESSAGE FORPOST
24.12.18 22:17:01  LOAD MESSAGE FORPOST
24.12.18 22:17:01  LOAD MESSAGE FORPOST
24.12.18 22:17:01  LOAD MESSAGE FORPOST
24.12.18 22:17:01  LOAD MESSAGE FORPOST
24.12.18 22:17:01  LOAD MESSAGE FORPOST
24.12.18 22:17:01  LOAD MESSAGE FORGOTTEN
24.12.18 22:17:01  LOAD MESSAGE FORGOTTEN
24.12.18 22:17:01  LOAD MESSAGE FORGOTTEN
24.12.18 22:17:01  LOAD MESSAGE FORGOTTEN
24.12.18 22:17:01  LOAD MESSAGE UNCLE STEPA
24.12.18 22:17:01  LOAD MESSAGE UNCLE STEPA
24.12.18 22:17:01  LOAD MESSAGE UNCLE STEPA
24.12.18 22:17:01  LOAD MESSAGE UNCLE STEPA
24.12.18 22:17:01  LOAD MESSAGE UNCLE STEPA
24.12.18 22:17:01  LOAD MESSAGE UNCLE STEPA
24.12.18 22:17:01  LOAD MESSAGE UNCLE STEPA
24.12.18 22:17:01  LOAD MESSAGE UNCLE STEPA
24.12.18 22:17:01  LOAD MESSAGE UNCLE STEPA
24.12.18 22:17:01  LOAD MESSAGE UNCLE STEPA
24.12.18 22:17:01  LOAD MESSAGE UNCLE STEPA
24.12.18 22:17:01  LOAD MESSAGE UNCLE STEPA
24.12.18 22:17:01  LOAD MESSAGE UNCLE STEPA
24.12.18 22:17:01  LOAD MESSAGE UNCLE STEPA
24.12.18 22:17:01  LOAD MESSAGE UNCLE STEPA
24.12.18 22:17:01  LOAD MESSAGE UNCLE STEPA
24.12.18 22:17:01  LOAD MESSAGE UNCLE STEPA
24.12.18 22:17:01  LOAD MESSAGE UNCLE STEPA
24.12.18 22:17:01  LOAD MESSAGE UNCLE STEPA
24.12.18 22:17:01  LOAD MESSAGE UNCLE STEPA
24.12.18 22:17:01  LOAD MESSAGE UNCLE STEPA
24.12.18 22:17:01  LOAD MESSAGE UNCLE STEPA
24.12.18 22:17:01  LOAD MESSAGE UNCLE STEPA
24.12.18 22:17:01  LOAD MESSAGE UNCLE STEPA
24.12.18 22:17:01  LOAD MESSAGE UNCLE STEPA
24.12.18 22:17:01  LOAD MESSAGE UNCLE STEPA
24.12.18 22:17:01  LOAD MESSAGE UNCLE STEPA
24.12.18 22:17:01  LOAD MESSAGE UNCLE STEPA
24.12.18 22:17:01  LOAD MESSAGE UNCLE STEPA
24.12.18 22:17:01  LOAD MESSAGE UNCLE STEPA
24.12.18 22:17:01  LOAD MESSAGE UNCLE STEPA
24.12.18 22:17:01  LOAD MESSAGE UNCLE STEPA
24.12.18 22:17:01  LOAD MESSAGE UNCLE STEPA
24.12.18 22:17:01  LOAD MESSAGE UNCLE STEPA
24.12.18 22:17:01  LOAD MESSAGE UNCLE STEPA
24.12.18 22:17:01  LOAD MESSAGE UNCLE STEPA
24.12.18 22:17:01  LOAD MESSAGE UNCLE STEPA
24.12.18 22:17:01  LOAD MESSAGE UNCLE STEPA
24.12.18 22:17:01  LOAD MESSAGE UNCLE STEPA
24.12.18 22:17:01  LOAD MESSAGE UNCLE STEPA
24.12.18 22:17:01  LOAD MESSAGE UNCLE STEPA
24.12.18 22:17:01  LOAD MESSAGE UNCLE STEPA
24.12.18 22:17:01  LOAD MESSAGE UNCLE STEPA
24.12.18 22:17:01  LOAD MESSAGE UNCLE STEPA
24.12.18 22:17:01  LOAD MESSAGE UNCLE STEPA
24.12.18 22:17:01  LOAD MESSAGE UNCLE STEPA
24.12.18 22:17:01  LOAD MESSAGE UNCLE STEPA
24.12.18 22:17:01  LOAD MESSAGE UNCLE STEPA
24.12.18 22:17:01  LOAD MESSAGE UNCLE STEPA
24.12.18 22:17:01  LOAD MESSAGE UNCLE STEPA
24.12.18 22:17:01  LOAD MESSAGE UNCLE STEPA
24.12.18 22:17:01  LOAD MESSAGE UNCLE STEPA
24.12.18 22:17:01  LOAD MESSAGE UNCLE STEPA
24.12.18 22:17:01  LOAD MESSAGE UNCLE STEPA
24.12.18 22:17:01  LOAD MESSAGE UNCLE STEPA
24.12.18 22:17:01  LOAD MESSAGE UNCLE STEPA
24.12.18 22:17:01  LOAD MESSAGE UNCLE STEPA
24.12.18 22:17:01  LOAD MESSAGE UNCLE STEPA
24.12.18 22:17:01  LOAD MESSAGE UNCLE STEPA
24.12.18 22:17:01  LOAD MESSAGE UNCLE STEPA
24.12.18 22:17:01  LOAD MESSAGE UNCLE STEPA
24.12.18 22:17:01  LOAD MESSAGE UNCLE STEPA
24.12.18 22:17:01  LOAD MESSAGE UNCLE STEPA
24.12.18 22:17:01  LOAD MESSAGE UNCLE STEPA
24.12.18 22:17:01  LOAD MESSAGE UNCLE STEPA
24.12.18 22:17:01  LOAD MESSAGE UNCLE STEPA
24.12.18 22:17:01  LOAD MESSAGE UNCLE STEPA
24.12.18 22:17:01  LOAD MESSAGE UNCLE STEPA
24.12.18 22:17:01  LOAD MESSAGE UNCLE STEPA
24.12.18 22:17:01  LOAD MESSAGE UNCLE STEPA
24.12.18 22:17:01  LOAD MESSAGE UNCLE STEPA
24.12.18 22:17:01  LOAD MESSAGE UNCLE STEPA
24.12.18 22:17:01  LOAD MESSAGE UNCLE STEPA
24.12.18 22:17:01  LOAD MESSAGE UNCLE STEPA
24.12.18 22:17:01  LOAD MESSAGE UNCLE STEPA
24.12.18 22:17:01  LOAD MESSAGE UNCLE STEPA
24.12.18 22:17:01  LOAD MESSAGE UNCLE STEPA
24.12.18 22:17:01  LOAD MESSAGE UNCLE STEPA
24.12.18 22:17:01  LOAD MESSAGE UNCLE STEPA
24.12.18 22:17:01  LOAD MESSAGE UNCLE STEPA
24.12.18 22:17:01  LOAD MESSAGE UNCLE STEPA
24.12.18 22:17:01  LOAD MESSAGE UNCLE STEPA
24.12.18 22:17:01  LOAD MESSAGE UNCLE STEPA
24.12.18 22:17:01  LOAD MESSAGE UNCLE STEPA
24.12.18 22:17:01  TZBOT started
24.12.18 22:17:01  Дядя Стёпа  Client: Connecting
24.12.18 22:17:01  Дядя Стёпа  Client: Connected
24.12.18 22:17:03  Дядя Стёпа: SEND MESSAGE TO CHAT 1
24.12.18 22:17:03  Дядя Стёпа  Chat: Connecting
24.12.18 22:17:03  Дядя Стёпа  Chat: Connected
24.12.18 22:32:04  Дядя Стёпа: SEND MESSAGE TO CHAT 2
24.12.18 22:47:05  Дядя Стёпа: SEND MESSAGE TO CHAT 3
24.12.18 23:02:06  Дядя Стёпа: SEND MESSAGE TO CHAT 4
24.12.18 23:17:07  Дядя Стёпа: SEND MESSAGE TO CHAT 5
24.12.18 23:32:08  Дядя Стёпа: SEND MESSAGE TO CHAT 6
24.12.18 23:47:09  Дядя Стёпа: SEND MESSAGE TO CHAT 7
25.12.18 00:02:10  Дядя Стёпа: SEND MESSAGE TO CHAT 8
25.12.18 00:17:11  Дядя Стёпа: SEND MESSAGE TO CHAT 9
25.12.18 00:32:12  Дядя Стёпа: SEND MESSAGE TO CHAT 10
25.12.18 00:47:13  Дядя Стёпа: SEND MESSAGE TO CHAT 11
25.12.18 01:02:14  Дядя Стёпа: SEND MESSAGE TO CHAT 12
25.12.18 01:17:15  Дядя Стёпа: SEND MESSAGE TO CHAT 13
25.12.18 01:32:16  Дядя Стёпа: SEND MESSAGE TO CHAT 14
25.12.18 01:47:17  Дядя Стёпа: SEND MESSAGE TO CHAT 15
