 - pils -  / 
 - pils - add / Cuker
 - pils - remove / Cuker
 - pils - add / Cuker
 - Cooll -  / 
 - Cooll -  / 
 - Cooll - add / XATABbI4
 - XATABbI4 -  / 
 - XATABbI4 -  / 
 - NeoForever -  / 
 - NeoForever -  / 
 - NeoForever -  / 
 - NeoForever -  / 
 - NeoForever -  / 
 - Mr_Proper -  / 
 - NeoForever -  / 
 - Cooll -  / 
 - Cooll - add / Пожарный*
 - Soul Eater -  / 
 - Soul Eater -  / 
 - NeoForever -  / 
 - NeoForever - remove / _AlliZzeN_
 - Cuker -  / 
 - NeoForever -  / 
 - Mr_Proper -  / 
 - NeoForever -  / 
 - NeoForever - add / X--MAN
 - NeoForever -  / 
 - NeoForever - remove / X--MAN
 - NeoForever -  / 
 - NeoForever - add / -solex-
 - -solex- -  / 
 - -solex- -  / 
 - NeoForever -  / 
 - Пожарный* -  / 
 - NeoForever -  / 
 - -solex- -  / 
 - -solex- - remove / Алистафар4ик
 - -solex- - remove / SIFA
 - -solex- -  / 
 - -solex- -  / 
 - NeoForever -  / 
 - NeoForever - remove / Mr_Proper 
 - NeoForever - remove / pils
 - Cuker -  / 
 - Cuker -  / 
 - Cuker -  / 
 - NeoForever -  / 
 - NeoForever -  / 
 - NeoForever - add / X--MAN
 - NeoForever -  / 
 - Soul Eater -  / 
 - Soul Eater - remove / NeoForever
 - -solex- -  / 
 - -solex- -  / 
 - Soul Eater -  / 
 - -solex- -  / 
 - -solex- - add / -DESTROYER-
 - Пожарный* -  / 
 - Soul Eater -  / 
 - Soul Eater - remove / -solex-
 - Cooll -  / 
 - Cooll -  / 
 - X--MAN -  / 
 - Soul Eater -  / 
 - X--MAN -  / 
 - Cooll -  / 
 - X--MAN -  / 
 - X--MAN -  / 
 - X--MAN - add / empty-88X
 - empty-88X -  / 
 - empty-88X -  / 
 - Cuker -  / 
 - XATABbI4 -  / 
 - XATABbI4 -  / 
 - XATABbI4 -  / 
 - Cooll -  / 
 - empty-88X -  / 
 - -DESTROYER- -  / 
